<?xml version="1.0" encoding="UTF-8"?>
<!-- Generated by org.testng.reporters.JUnitReportReporter -->
<testsuite hostname="Harsh-PC" name="com.qa.CRM.CRM.testcases.ContactTest" tests="1" failures="0" timestamp="3 Oct 2018 17:20:06 GMT" time="26.147" errors="0">
  <testcase name="verifyContactLbl" time="26.147" classname="com.qa.CRM.CRM.testcases.ContactTest"/>
</testsuite> <!-- com.qa.CRM.CRM.testcases.ContactTest -->
