<?xml version="1.0" encoding="UTF-8"?>
<!-- Generated by org.testng.reporters.JUnitReportReporter -->
<testsuite hostname="Harsh-PC" name="com.qa.CRM.CRM.testcases.LoginTest" tests="3" failures="0" timestamp="2 Oct 2018 17:53:33 GMT" time="42.306" errors="0">
  <testcase name="Logintest" time="19.522" classname="com.qa.CRM.CRM.testcases.LoginTest"/>
  <testcase name="verifyLogoTest" time="11.971" classname="com.qa.CRM.CRM.testcases.LoginTest"/>
  <testcase name="verifyTitleTest" time="10.813" classname="com.qa.CRM.CRM.testcases.LoginTest"/>
</testsuite> <!-- com.qa.CRM.CRM.testcases.LoginTest -->
