<?xml version="1.0" encoding="UTF-8"?>
<!-- Generated by org.testng.reporters.JUnitReportReporter -->
<testsuite hostname="Harsh-PC" name="com.qa.CRM.CRM.testcases.HomePageTest" tests="3" failures="0" timestamp="3 Oct 2018 13:14:07 GMT" time="100.024" errors="0">
  <testcase name="verifyHomePageTitle" time="18.933" classname="com.qa.CRM.CRM.testcases.HomePageTest"/>
  <testcase name="verifyDisplayName" time="62.911" classname="com.qa.CRM.CRM.testcases.HomePageTest"/>
  <testcase name="verifyContactLink" time="18.180" classname="com.qa.CRM.CRM.testcases.HomePageTest"/>
</testsuite> <!-- com.qa.CRM.CRM.testcases.HomePageTest -->
